[debug] [2021-04-01T09:21:51.483Z] ----------------------------------------------------------------------
[debug] [2021-04-01T09:21:51.486Z] Command:       /usr/local/bin/node /usr/local/bin/firebase init
[debug] [2021-04-01T09:21:51.486Z] CLI Version:   9.8.0
[debug] [2021-04-01T09:21:51.486Z] Platform:      darwin
[debug] [2021-04-01T09:21:51.486Z] Node Version:  v14.15.1
[debug] [2021-04-01T09:21:51.496Z] Time:          Thu Apr 01 2021 14:51:51 GMT+0530 (India Standard Time)
[debug] [2021-04-01T09:21:51.496Z] ----------------------------------------------------------------------
[debug] 
[debug] [2021-04-01T09:21:51.510Z] > command requires scopes: ["email","openid","https://www.googleapis.com/auth/cloudplatformprojects.readonly","https://www.googleapis.com/auth/firebase","https://www.googleapis.com/auth/cloud-platform"]
[debug] [2021-04-01T09:21:51.511Z] > authorizing via signed-in user
[info] 
     ######## #### ########  ######## ########     ###     ######  ########
     ##        ##  ##     ## ##       ##     ##  ##   ##  ##       ##
     ######    ##  ########  ######   ########  #########  ######  ######
     ##        ##  ##    ##  ##       ##     ## ##     ##       ## ##
     ##       #### ##     ## ######## ########  ##     ##  ######  ########

You're about to initialize a Firebase project in this directory:

  /Users/dilip/Desktop/todo

Before we get started, keep in mind:

  * You are initializing in an existing Firebase project directory

[info] 
=== Project Setup
[info] 
[info] First, let's associate this project directory with a Firebase project.
[info] You can create multiple project aliases by running firebase use --add, 
[info] but for now we'll just set up a default project.
[info] 
[info] i  .firebaserc already has a default project, using todoapp-31169. 
[debug] [2021-04-01T09:22:02.054Z] >>> [apiv2][query] GET https://firebase.googleapis.com/v1beta1/projects/todoapp-31169 [none]
[debug] [2021-04-01T09:22:32.065Z] Timeout reached making request to https://firebase.googleapis.com/v1beta1/projects/todoapp-31169
[debug] [2021-04-01T09:22:32.329Z] FirebaseError: Timeout reached making request to https://firebase.googleapis.com/v1beta1/projects/todoapp-31169
    at Client.doRequest (/usr/local/lib/node_modules/firebase-tools/lib/apiv2.js:209:23)
    at processTicksAndRejections (internal/process/task_queues.js:93:5)
    at async Client.request (/usr/local/lib/node_modules/firebase-tools/lib/apiv2.js:96:20)
    at async Object.getFirebaseProject (/usr/local/lib/node_modules/firebase-tools/lib/management/projects.js:289:21)
    at async Object.doSetup [as project] (/usr/local/lib/node_modules/firebase-tools/lib/init/features/project.js:77:27)
    at async init (/usr/local/lib/node_modules/firebase-tools/lib/init/index.js:19:9)
[error] 
[error] Error: Failed to get Firebase project todoapp-31169. Please make sure the project exists and your account has permission to access it.
[debug] [2021-04-01T09:22:54.357Z] ----------------------------------------------------------------------
[debug] [2021-04-01T09:22:54.360Z] Command:       /usr/local/bin/node /usr/local/bin/firebase init
[debug] [2021-04-01T09:22:54.360Z] CLI Version:   9.8.0
[debug] [2021-04-01T09:22:54.360Z] Platform:      darwin
[debug] [2021-04-01T09:22:54.360Z] Node Version:  v14.15.1
[debug] [2021-04-01T09:22:54.362Z] Time:          Thu Apr 01 2021 14:52:54 GMT+0530 (India Standard Time)
[debug] [2021-04-01T09:22:54.362Z] ----------------------------------------------------------------------
[debug] 
[debug] [2021-04-01T09:22:54.377Z] > command requires scopes: ["email","openid","https://www.googleapis.com/auth/cloudplatformprojects.readonly","https://www.googleapis.com/auth/firebase","https://www.googleapis.com/auth/cloud-platform"]
[debug] [2021-04-01T09:22:54.378Z] > authorizing via signed-in user
[info] 
     ######## #### ########  ######## ########     ###     ######  ########
     ##        ##  ##     ## ##       ##     ##  ##   ##  ##       ##
     ######    ##  ########  ######   ########  #########  ######  ######
     ##        ##  ##    ##  ##       ##     ## ##     ##       ## ##
     ##       #### ##     ## ######## ########  ##     ##  ######  ########

You're about to initialize a Firebase project in this directory:

  /Users/dilip/Desktop/todo

Before we get started, keep in mind:

  * You are initializing in an existing Firebase project directory

[info] 
=== Project Setup
[info] 
[info] First, let's associate this project directory with a Firebase project.
[info] You can create multiple project aliases by running firebase use --add, 
[info] but for now we'll just set up a default project.
[info] 
[info] i  .firebaserc already has a default project, using todoapp. 
[debug] [2021-04-01T09:22:59.084Z] >>> [apiv2][query] GET https://firebase.googleapis.com/v1beta1/projects/todoapp [none]
[debug] [2021-04-01T09:23:29.090Z] Timeout reached making request to https://firebase.googleapis.com/v1beta1/projects/todoapp
[debug] [2021-04-01T09:23:29.218Z] FirebaseError: Timeout reached making request to https://firebase.googleapis.com/v1beta1/projects/todoapp
    at Client.doRequest (/usr/local/lib/node_modules/firebase-tools/lib/apiv2.js:209:23)
    at processTicksAndRejections (internal/process/task_queues.js:93:5)
    at async Client.request (/usr/local/lib/node_modules/firebase-tools/lib/apiv2.js:96:20)
    at async Object.getFirebaseProject (/usr/local/lib/node_modules/firebase-tools/lib/management/projects.js:289:21)
    at async Object.doSetup [as project] (/usr/local/lib/node_modules/firebase-tools/lib/init/features/project.js:77:27)
    at async init (/usr/local/lib/node_modules/firebase-tools/lib/init/index.js:19:9)
[error] 
[error] Error: Failed to get Firebase project todoapp. Please make sure the project exists and your account has permission to access it.
